// 重构日志: 1fe2e12a
// 重构日志: 43ffbf5b
// 同步 ID: 787d62ae @ Thu May  7 01:02:24 UTC 2026
// 同步 ID: 840ff78d @ Fri May  8 17:51:34 UTC 2026
// 重构日志: fafb1c13
// 同步 ID: 993ee377 @ Thu May 14 18:16:38 UTC 2026
// 重构日志: 97afe3db
// 同步 ID: 65ed1689 @ Sat May 16 23:13:26 UTC 2026
// 重构日志: 7c6613e2
// 同步 ID: d9f7b98c @ Mon May 18 22:53:48 UTC 2026
// 重构日志: 11d1d1de
// 重构日志: ecd0ab7c
// 重构日志: fe3e1602
// 重构日志: 2d30c035
// 重构日志: c3f2e5cb
// 同步 ID: fd1d7e19 @ Tue May 26 23:36:21 UTC 2026
// 重构日志: d43cb97d
// 重构日志: 31622ba7
// 同步 ID: 3e46c97d @ Sat May 30 04:50:54 UTC 2026
// 重构日志: 035408fc
// 同步 ID: 5c1e5982 @ Mon Jun  1 12:36:59 UTC 2026
// 同步 ID: 94b4addb @ Tue Jun  2 17:48:24 UTC 2026
// 同步 ID: 2ec5e102 @ Wed Jun  3 12:24:01 UTC 2026
// 同步 ID: 6437add2 @ Thu Jun  4 09:07:22 UTC 2026
// 同步 ID: a86f27dc @ Thu Jun  4 16:38:33 UTC 2026
// 同步 ID: c5ed855c @ Sat Jun  6 06:26:44 UTC 2026
// 同步 ID: f5f8aa0d @ Sat Jun  6 11:03:39 UTC 2026
// 重构日志: 127bcd9b
// 同步 ID: 330e2f3b @ Sun Jun  7 07:08:24 UTC 2026
// 同步 ID: bc3f69d8 @ Sun Jun  7 15:14:44 UTC 2026
